#
# A fatal error has been detected by the Java Runtime Environment:
#
#  SIGSEGV (0xb) at pc=0x00007fd2d100599b, pid=23934, tid=140543224968960
#
# JRE version: 7.0_03-b04
# Java VM: Java HotSpot(TM) 64-Bit Server VM (22.1-b02 mixed mode linux-amd64 compressed oops)
# Problematic frame:
# C  [libc.so.6+0x14e99b]  __nss_hosts_lookup+0x1d03b
#
# Failed to write core dump. Core dumps have been disabled. To enable core dumping, try "ulimit -c unlimited" before starting Java again
#
# If you would like to submit a bug report, please visit:
#   http://bugreport.sun.com/bugreport/crash.jsp
# The crash happened outside the Java Virtual Machine in native code.
# See problematic frame for where to report the bug.
#

---------------  T H R E A D  ---------------

Current thread (0x00007fd268037000):  JavaThread "Thread-2" [_thread_in_native, id=24111, stack(0x00007fd2c4eff000,0x00007fd2c5000000)]

siginfo:si_signo=SIGSEGV: si_errno=0, si_code=2 (SEGV_ACCERR), si_addr=0x00007fd2cc576000

Registers:
RAX=0x00007fd26c001e20, RBX=0x0000000000002f6d, RCX=0x0000000000008000, RDX=0x00000000000021dd
RSP=0x00007fd2c4ffca28, RBP=0x00007fd2c4ffca80, RSI=0x00007fd2cc575fbd, RDI=0x00007fd26c002ab0
R8 =0x00007fd26c001e20, R9 =0x00007fd2d1005980, R10=0x00007fd2c5011b84, R11=0x00007fd2d103b390
R12=0x00007fd2cc5752ff, R13=0x00007fd26c001dd0, R14=0x000000000000736b, R15=0x00007fd2c810ce30
RIP=0x00007fd2d100599b, EFLAGS=0x0000000000010206, CSGSFS=0x0000000000000033, ERR=0x0000000000000004
  TRAPNO=0x000000000000000e

Top of Stack: (sp=0x00007fd2c4ffca28)
0x00007fd2c4ffca28:   00007fd2cee6fb87 000000009dc00ce0
0x00007fd2c4ffca38:   7a2f6bd200000000 0000000000002f6d
0x00007fd2c4ffca48:   000000005a2f6563 00007fd26c001dd0
0x00007fd2c4ffca58:   00007fd2c810d0b0 00007fd2c810ce30
0x00007fd2c4ffca68:   00007fd268036520 000000009b4b0ef4
0x00007fd2c4ffca78:   00007fd2c4ffcae0 00007fd2c4ffcac0
0x00007fd2c4ffca88:   00007fd2cee70148 00000027c4ffcac0
0x00007fd2c4ffca98:   00007fd2c4ffcae0 0000000000000027
0x00007fd2c4ffcaa8:   00007fd2680371d0 00007fd2c4ffcae0
0x00007fd2c4ffcab8:   00007fd2c4ffcfb8 00007fd2c4ffcf20
0x00007fd2c4ffcac8:   00007fd2cee6ef7d 0100000000000002
0x00007fd2c4ffcad8:   00007fd2c810ce30 7a2f736b2f6d6f63
0x00007fd2c4ffcae8:   61667265746e696b 42657479422f6563
0x00007fd2c4ffcaf8:   6974557265666675 007373616c632e6c
0x00007fd2c4ffcb08:   00007fd2c8094ce0 000000009dc06fc0
0x00007fd2c4ffcb18:   00000000e113e3a8 00007fd2c4ffcfd0
0x00007fd2c4ffcb28:   00007fd2c5011b84 00007fd2c4ffd020
0x00007fd2c4ffcb38:   00007fd2c4ffcdb0 00007fd268037000
0x00007fd2c4ffcb48:   00007fd26803e830 00007fd2680373a0
0x00007fd2c4ffcb58:   00007fd268037478 00007fd268037788
0x00007fd2c4ffcb68:   00007fd2c4ffd3d0 00007fd268037000
0x00007fd2c4ffcb78:   00007fd2c4ffcdb0 000000009dc037e8
0x00007fd2c4ffcb88:   00007fd268037470 00007fd268037790
0x00007fd2c4ffcb98:   00007fd2c4ffcdb0 000000009dc037e8
0x00007fd2c4ffcba8:   00007fd268037470 00007fd268037790
0x00007fd2c4ffcbb8:   00007fd2c4ffcc10 00007fd2c4ffcd00
0x00007fd2c4ffcbc8:   00007fd2d0727a87 00007fd2c4ffcd30
0x00007fd2c4ffcbd8:   00007fd2c4ffcdb0 00007fd2680371d0
0x00007fd2c4ffcbe8:   00007fd2d0745df0 00007fd2680377c0
0x00007fd2c4ffcbf8:   00007fd2680377d0 00007fd268037ba8
0x00007fd2c4ffcc08:   00007fd268037468 00007fd2c4ffcc80
0x00007fd2c4ffcc18:   00000000e113e3a8 00000000e0f66ad8 

Instructions: (pc=0x00007fd2d100599b)
0x00007fd2d100597b:   00 00 00 00 00 48 81 ea 80 00 00 00 0f 28 4e f3
0x00007fd2d100598b:   0f 28 56 03 0f 28 5e 13 0f 28 66 23 0f 28 6e 33
0x00007fd2d100599b:   0f 28 76 43 0f 28 7e 53 44 0f 28 46 63 44 0f 28
0x00007fd2d10059ab:   4e 73 48 8d b6 80 00 00 00 66 45 0f 3a 0f c8 0d 

Register to memory mapping:

RAX=0x00007fd26c001e20 is an unknown value
RBX=0x0000000000002f6d is an unknown value
RCX=0x0000000000008000 is an unknown value
RDX=0x00000000000021dd is an unknown value
RSP=0x00007fd2c4ffca28 is pointing into the stack for thread: 0x00007fd268037000
RBP=0x00007fd2c4ffca80 is pointing into the stack for thread: 0x00007fd268037000
RSI=0x00007fd2cc575fbd is an unknown value
RDI=0x00007fd26c002ab0 is an unknown value
R8 =0x00007fd26c001e20 is an unknown value
R9 =0x00007fd2d1005980: <offset 0x14e980> in /lib/x86_64-linux-gnu/libc.so.6 at 0x00007fd2d0eb7000
R10=0x00007fd2c5011b84 is an Interpreter codelet
method entry point (kind = native)  [0x00007fd2c5011920, 0x00007fd2c5012160]  2112 bytes
R11=0x00007fd2d103b390: <offset 0x184390> in /lib/x86_64-linux-gnu/libc.so.6 at 0x00007fd2d0eb7000
R12=0x00007fd2cc5752ff is an unknown value
R13=0x00007fd26c001dd0 is an unknown value
R14=0x000000000000736b is an unknown value
R15=0x00007fd2c810ce30 is an unknown value


Stack: [0x00007fd2c4eff000,0x00007fd2c5000000],  sp=0x00007fd2c4ffca28,  free space=1014k
Native frames: (J=compiled Java code, j=interpreted, Vv=VM code, C=native code)
C  [libc.so.6+0x14e99b]  __nss_hosts_lookup+0x1d03b
C  [libzip.so+0x5148]  ZIP_GetEntry+0xd8
C  [libzip.so+0x3f7d]  Java_java_util_zip_ZipFile_getEntry+0xad
j  java.util.zip.ZipFile.getEntry(J[BZ)J+0
j  java.util.zip.ZipFile.getEntry(Ljava/lang/String;)Ljava/util/zip/ZipEntry;+38
j  java.util.jar.JarFile.getEntry(Ljava/lang/String;)Ljava/util/zip/ZipEntry;+2
j  java.util.jar.JarFile.getJarEntry(Ljava/lang/String;)Ljava/util/jar/JarEntry;+2
j  sun.misc.URLClassPath$JarLoader.getResource(Ljava/lang/String;Z)Lsun/misc/Resource;+48
j  sun.misc.URLClassPath.getResource(Ljava/lang/String;Z)Lsun/misc/Resource;+53
j  java.net.URLClassLoader$1.run()Ljava/lang/Class;+26
j  java.net.URLClassLoader$1.run()Ljava/lang/Object;+1
v  ~StubRoutines::call_stub
V  [libjvm.so+0x51a335]  JavaCalls::call_helper(JavaValue*, methodHandle*, JavaCallArguments*, Thread*)+0x355
V  [libjvm.so+0x518e58]  JavaCalls::call(JavaValue*, methodHandle, JavaCallArguments*, Thread*)+0x28
V  [libjvm.so+0x56c618]  JVM_DoPrivileged+0x218
j  java.security.AccessController.doPrivileged(Ljava/security/PrivilegedExceptionAction;Ljava/security/AccessControlContext;)Ljava/lang/Object;+0
j  java.net.URLClassLoader.findClass(Ljava/lang/String;)Ljava/lang/Class;+13
j  java.lang.ClassLoader.loadClass(Ljava/lang/String;Z)Ljava/lang/Class;+70
j  sun.misc.Launcher$AppClassLoader.loadClass(Ljava/lang/String;Z)Ljava/lang/Class;+36
j  java.lang.ClassLoader.loadClass(Ljava/lang/String;)Ljava/lang/Class;+3
v  ~StubRoutines::call_stub
V  [libjvm.so+0x51a335]  JavaCalls::call_helper(JavaValue*, methodHandle*, JavaCallArguments*, Thread*)+0x355
V  [libjvm.so+0x518e58]  JavaCalls::call(JavaValue*, methodHandle, JavaCallArguments*, Thread*)+0x28
V  [libjvm.so+0x5190ec]  JavaCalls::call_virtual(JavaValue*, KlassHandle, Symbol*, Symbol*, JavaCallArguments*, Thread*)+0x17c
V  [libjvm.so+0x5191c6]  JavaCalls::call_virtual(JavaValue*, Handle, KlassHandle, Symbol*, Symbol*, Handle, Thread*)+0x56
V  [libjvm.so+0x7e6679]  SystemDictionary::load_instance_class(Symbol*, Handle, Thread*)+0x459
V  [libjvm.so+0x7e6df1]  SystemDictionary::resolve_instance_class_or_null(Symbol*, Handle, Handle, Thread*)+0x761
V  [libjvm.so+0x7e73b4]  SystemDictionary::resolve_or_fail(Symbol*, Handle, Handle, bool, Thread*)+0x34
V  [libjvm.so+0x3e23d0]  constantPoolOopDesc::klass_at_impl(constantPoolHandle, int, Thread*)+0x270
V  [libjvm.so+0x62b70f]  LinkResolver::resolve_invokestatic(CallInfo&, constantPoolHandle, int, Thread*)+0x3f
V  [libjvm.so+0x514155]  InterpreterRuntime::resolve_invoke(JavaThread*, Bytecodes::Code)+0x165
j  com.ks.zkserver.ClientHandler.run()V+50
j  java.lang.Thread.run()V+11
v  ~StubRoutines::call_stub
V  [libjvm.so+0x51a335]  JavaCalls::call_helper(JavaValue*, methodHandle*, JavaCallArguments*, Thread*)+0x355
V  [libjvm.so+0x518e58]  JavaCalls::call(JavaValue*, methodHandle, JavaCallArguments*, Thread*)+0x28
V  [libjvm.so+0x5190ec]  JavaCalls::call_virtual(JavaValue*, KlassHandle, Symbol*, Symbol*, JavaCallArguments*, Thread*)+0x17c
V  [libjvm.so+0x519217]  JavaCalls::call_virtual(JavaValue*, Handle, KlassHandle, Symbol*, Symbol*, Thread*)+0x47
V  [libjvm.so+0x56ca8f]  thread_entry(JavaThread*, Thread*)+0xdf
V  [libjvm.so+0x8185fa]  JavaThread::run()+0x17a
V  [libjvm.so+0x7020a0]  java_start(Thread*)+0x100

Java frames: (J=compiled Java code, j=interpreted, Vv=VM code)
j  java.util.zip.ZipFile.getEntry(J[BZ)J+0
j  java.util.zip.ZipFile.getEntry(Ljava/lang/String;)Ljava/util/zip/ZipEntry;+38
j  java.util.jar.JarFile.getEntry(Ljava/lang/String;)Ljava/util/zip/ZipEntry;+2
j  java.util.jar.JarFile.getJarEntry(Ljava/lang/String;)Ljava/util/jar/JarEntry;+2
j  sun.misc.URLClassPath$JarLoader.getResource(Ljava/lang/String;Z)Lsun/misc/Resource;+48
j  sun.misc.URLClassPath.getResource(Ljava/lang/String;Z)Lsun/misc/Resource;+53
j  java.net.URLClassLoader$1.run()Ljava/lang/Class;+26
j  java.net.URLClassLoader$1.run()Ljava/lang/Object;+1
v  ~StubRoutines::call_stub
j  java.security.AccessController.doPrivileged(Ljava/security/PrivilegedExceptionAction;Ljava/security/AccessControlContext;)Ljava/lang/Object;+0
j  java.net.URLClassLoader.findClass(Ljava/lang/String;)Ljava/lang/Class;+13
j  java.lang.ClassLoader.loadClass(Ljava/lang/String;Z)Ljava/lang/Class;+70
j  sun.misc.Launcher$AppClassLoader.loadClass(Ljava/lang/String;Z)Ljava/lang/Class;+36
j  java.lang.ClassLoader.loadClass(Ljava/lang/String;)Ljava/lang/Class;+3
v  ~StubRoutines::call_stub
j  com.ks.zkserver.ClientHandler.run()V+50
j  java.lang.Thread.run()V+11
v  ~StubRoutines::call_stub

---------------  P R O C E S S  ---------------

Java Threads: ( => current thread )
=>0x00007fd268037000 JavaThread "Thread-2" [_thread_in_native, id=24111, stack(0x00007fd2c4eff000,0x00007fd2c5000000)]
  0x00007fd2c8007800 JavaThread "DestroyJavaVM" [_thread_blocked, id=23938, stack(0x00007fd2d19a9000,0x00007fd2d1aaa000)]
  0x00007fd2c811b800 JavaThread "Thread-0" [_thread_in_native, id=23955, stack(0x00007fd2cc474000,0x00007fd2cc575000)]
  0x00007fd2c80f0800 JavaThread "Service Thread" daemon [_thread_blocked, id=23953, stack(0x00007fd2cc677000,0x00007fd2cc778000)]
  0x00007fd2c80ee000 JavaThread "C2 CompilerThread1" daemon [_thread_blocked, id=23952, stack(0x00007fd2cc778000,0x00007fd2cc879000)]
  0x00007fd2c80eb800 JavaThread "C2 CompilerThread0" daemon [_thread_blocked, id=23951, stack(0x00007fd2cc879000,0x00007fd2cc97a000)]
  0x00007fd2c80e9000 JavaThread "Signal Dispatcher" daemon [_thread_blocked, id=23950, stack(0x00007fd2cc97a000,0x00007fd2cca7b000)]
  0x00007fd2c809d000 JavaThread "Finalizer" daemon [_thread_blocked, id=23949, stack(0x00007fd2cd2d3000,0x00007fd2cd3d4000)]
  0x00007fd2c809b000 JavaThread "Reference Handler" daemon [_thread_blocked, id=23948, stack(0x00007fd2cd3d4000,0x00007fd2cd4d5000)]

Other Threads:
  0x00007fd2c8093800 VMThread [stack: 0x00007fd2cd4d5000,0x00007fd2cd5d6000] [id=23947]
  0x00007fd2c80fb000 WatcherThread [stack: 0x00007fd2cc576000,0x00007fd2cc677000] [id=23954]

VM state:not at safepoint (normal execution)

VM Mutex/Monitor currently owned by a thread: None

Heap
 PSYoungGen      total 27776K, used 2382K [0x00000000e0f60000, 0x00000000e2e60000, 0x0000000100000000)
  eden space 23808K, 10% used [0x00000000e0f60000,0x00000000e11b3878,0x00000000e26a0000)
  from space 3968K, 0% used [0x00000000e2a80000,0x00000000e2a80000,0x00000000e2e60000)
  to   space 3968K, 0% used [0x00000000e26a0000,0x00000000e26a0000,0x00000000e2a80000)
 PSOldGen        total 63552K, used 0K [0x00000000a2e00000, 0x00000000a6c10000, 0x00000000e0f60000)
  object space 63552K, 0% used [0x00000000a2e00000,0x00000000a2e00000,0x00000000a6c10000)
 PSPermGen       total 21248K, used 3209K [0x000000009dc00000, 0x000000009f0c0000, 0x00000000a2e00000)
  object space 21248K, 15% used [0x000000009dc00000,0x000000009df225c8,0x000000009f0c0000)

Code Cache  [0x00007fd2c5000000, 0x00007fd2c5270000, 0x00007fd2c8000000)
 total_blobs=183 nmethods=0 adapters=151 free_code_cache=48766Kb largest_free_block=49937280

Dynamic libraries:
00400000-00401000 r-xp 00000000 08:01 1324826                            /opt/jdk1.7.0_03/bin/java
00600000-00601000 rw-p 00000000 08:01 1324826                            /opt/jdk1.7.0_03/bin/java
01f1e000-01f3f000 rw-p 00000000 00:00 0                                  [heap]
9dc00000-9f0c0000 rw-p 00000000 00:00 0 
9f0c0000-a2e00000 rw-p 00000000 00:00 0 
a2e00000-a6c10000 rw-p 00000000 00:00 0 
a6c10000-e0f60000 rw-p 00000000 00:00 0 
e0f60000-e2e60000 rw-p 00000000 00:00 0 
e2e60000-100000000 rw-p 00000000 00:00 0 
7fd268000000-7fd268085000 rw-p 00000000 00:00 0 
7fd268085000-7fd26c000000 ---p 00000000 00:00 0 
7fd26c000000-7fd26c021000 rw-p 00000000 00:00 0 
7fd26c021000-7fd270000000 ---p 00000000 00:00 0 
7fd270000000-7fd270021000 rw-p 00000000 00:00 0 
7fd270021000-7fd274000000 ---p 00000000 00:00 0 
7fd274000000-7fd274021000 rw-p 00000000 00:00 0 
7fd274021000-7fd278000000 ---p 00000000 00:00 0 
7fd278000000-7fd278021000 rw-p 00000000 00:00 0 
7fd278021000-7fd27c000000 ---p 00000000 00:00 0 
7fd27c000000-7fd27c021000 rw-p 00000000 00:00 0 
7fd27c021000-7fd280000000 ---p 00000000 00:00 0 
7fd280000000-7fd280021000 rw-p 00000000 00:00 0 
7fd280021000-7fd284000000 ---p 00000000 00:00 0 
7fd284000000-7fd284021000 rw-p 00000000 00:00 0 
7fd284021000-7fd288000000 ---p 00000000 00:00 0 
7fd288000000-7fd288021000 rw-p 00000000 00:00 0 
7fd288021000-7fd28c000000 ---p 00000000 00:00 0 
7fd28c000000-7fd28c021000 rw-p 00000000 00:00 0 
7fd28c021000-7fd290000000 ---p 00000000 00:00 0 
7fd290000000-7fd290021000 rw-p 00000000 00:00 0 
7fd290021000-7fd294000000 ---p 00000000 00:00 0 
7fd298000000-7fd298021000 rw-p 00000000 00:00 0 
7fd298021000-7fd29c000000 ---p 00000000 00:00 0 
7fd2a0000000-7fd2a0021000 rw-p 00000000 00:00 0 
7fd2a0021000-7fd2a4000000 ---p 00000000 00:00 0 
7fd2a8000000-7fd2a8021000 rw-p 00000000 00:00 0 
7fd2a8021000-7fd2ac000000 ---p 00000000 00:00 0 
7fd2b0000000-7fd2b0021000 rw-p 00000000 00:00 0 
7fd2b0021000-7fd2b4000000 ---p 00000000 00:00 0 
7fd2b8000000-7fd2b8021000 rw-p 00000000 00:00 0 
7fd2b8021000-7fd2bc000000 ---p 00000000 00:00 0 
7fd2bc000000-7fd2bc021000 rw-p 00000000 00:00 0 
7fd2bc021000-7fd2c0000000 ---p 00000000 00:00 0 
7fd2c0000000-7fd2c0021000 rw-p 00000000 00:00 0 
7fd2c0021000-7fd2c4000000 ---p 00000000 00:00 0 
7fd2c4eff000-7fd2c4f02000 ---p 00000000 00:00 0 
7fd2c4f02000-7fd2c5000000 rw-p 00000000 00:00 0                          [stack:24111]
7fd2c5000000-7fd2c5270000 rwxp 00000000 00:00 0 
7fd2c5270000-7fd2c811e000 rw-p 00000000 00:00 0 
7fd2c811e000-7fd2cc000000 ---p 00000000 00:00 0 
7fd2cc01c000-7fd2cc02c000 r-xp 00000000 08:01 1585581                    /opt/jdk1.7.0_03/jre/lib/amd64/libnio.so
7fd2cc02c000-7fd2cc22c000 ---p 00010000 08:01 1585581                    /opt/jdk1.7.0_03/jre/lib/amd64/libnio.so
7fd2cc22c000-7fd2cc22d000 rw-p 00010000 08:01 1585581                    /opt/jdk1.7.0_03/jre/lib/amd64/libnio.so
7fd2cc22d000-7fd2cc25e000 rw-p 00000000 00:00 0 
7fd2cc25e000-7fd2cc273000 r-xp 00000000 08:01 1585599                    /opt/jdk1.7.0_03/jre/lib/amd64/libnet.so
7fd2cc273000-7fd2cc473000 ---p 00015000 08:01 1585599                    /opt/jdk1.7.0_03/jre/lib/amd64/libnet.so
7fd2cc473000-7fd2cc474000 rw-p 00015000 08:01 1585599                    /opt/jdk1.7.0_03/jre/lib/amd64/libnet.so
7fd2cc474000-7fd2cc477000 ---p 00000000 00:00 0 
7fd2cc477000-7fd2cc575000 rw-p 00000000 00:00 0                          [stack:23955]
7fd2cc575000-7fd2cc576000 r--s 00001000 08:01 533410                     /home/sappo/.m2/repository/com/ks/zk/zkinterface/1.0-SNAPSHOT/zkinterface-1.0-SNAPSHOT.jar
7fd2cc576000-7fd2cc577000 ---p 00000000 00:00 0 
7fd2cc577000-7fd2cc677000 rw-p 00000000 00:00 0                          [stack:23954]
7fd2cc677000-7fd2cc67a000 ---p 00000000 00:00 0 
7fd2cc67a000-7fd2cc778000 rw-p 00000000 00:00 0                          [stack:23953]
7fd2cc778000-7fd2cc77b000 ---p 00000000 00:00 0 
7fd2cc77b000-7fd2cc879000 rw-p 00000000 00:00 0                          [stack:23952]
7fd2cc879000-7fd2cc87c000 ---p 00000000 00:00 0 
7fd2cc87c000-7fd2cc97a000 rw-p 00000000 00:00 0                          [stack:23951]
7fd2cc97a000-7fd2cc97d000 ---p 00000000 00:00 0 
7fd2cc97d000-7fd2cca7b000 rw-p 00000000 00:00 0                          [stack:23950]
7fd2cca7b000-7fd2cd2d3000 r--p 00000000 08:01 793608                     /usr/lib/locale/locale-archive
7fd2cd2d3000-7fd2cd2d6000 ---p 00000000 00:00 0 
7fd2cd2d6000-7fd2cd3d4000 rw-p 00000000 00:00 0                          [stack:23949]
7fd2cd3d4000-7fd2cd3d7000 ---p 00000000 00:00 0 
7fd2cd3d7000-7fd2cd4d5000 rw-p 00000000 00:00 0                          [stack:23948]
7fd2cd4d5000-7fd2cd4d6000 ---p 00000000 00:00 0 
7fd2cd4d6000-7fd2cdf4f000 rw-p 00000000 00:00 0                          [stack:23947]
7fd2cdf4f000-7fd2ce10e000 r--s 03a09000 08:01 1585754                    /opt/jdk1.7.0_03/jre/lib/rt.jar
7fd2ce10e000-7fd2ce136000 rw-p 00000000 00:00 0 
7fd2ce136000-7fd2ce137000 ---p 00000000 00:00 0 
7fd2ce137000-7fd2ce237000 rw-p 00000000 00:00 0                          [stack:23946]
7fd2ce237000-7fd2ce238000 ---p 00000000 00:00 0 
7fd2ce238000-7fd2ce338000 rw-p 00000000 00:00 0                          [stack:23945]
7fd2ce338000-7fd2ce339000 ---p 00000000 00:00 0 
7fd2ce339000-7fd2ce439000 rw-p 00000000 00:00 0                          [stack:23944]
7fd2ce439000-7fd2ce43a000 ---p 00000000 00:00 0 
7fd2ce43a000-7fd2ce53a000 rw-p 00000000 00:00 0                          [stack:23943]
7fd2ce53a000-7fd2ce53b000 ---p 00000000 00:00 0 
7fd2ce53b000-7fd2ce63b000 rw-p 00000000 00:00 0                          [stack:23942]
7fd2ce63b000-7fd2ce63c000 ---p 00000000 00:00 0 
7fd2ce63c000-7fd2ce73c000 rw-p 00000000 00:00 0                          [stack:23941]
7fd2ce73c000-7fd2ce73d000 ---p 00000000 00:00 0 
7fd2ce73d000-7fd2ce83d000 rw-p 00000000 00:00 0                          [stack:23940]
7fd2ce83d000-7fd2ce83e000 ---p 00000000 00:00 0 
7fd2ce83e000-7fd2ce949000 rw-p 00000000 00:00 0                          [stack:23939]
7fd2ce949000-7fd2ce967000 rw-p 00000000 00:00 0 
7fd2ce967000-7fd2ce987000 rw-p 00000000 00:00 0 
7fd2ce987000-7fd2ceb58000 rw-p 00000000 00:00 0 
7fd2ceb58000-7fd2ceb63000 rw-p 00000000 00:00 0 
7fd2ceb63000-7fd2ceb81000 rw-p 00000000 00:00 0 
7fd2ceb81000-7fd2ceba1000 rw-p 00000000 00:00 0 
7fd2ceba1000-7fd2ced71000 rw-p 00000000 00:00 0 
7fd2ced71000-7fd2ced82000 rw-p 00000000 00:00 0 
7fd2ced82000-7fd2cee6a000 rw-p 00000000 00:00 0 
7fd2cee6a000-7fd2cee6b000 rw-p 00000000 00:00 0 
7fd2cee6b000-7fd2cee85000 r-xp 00000000 08:01 1585713                    /opt/jdk1.7.0_03/jre/lib/amd64/libzip.so
7fd2cee85000-7fd2cf085000 ---p 0001a000 08:01 1585713                    /opt/jdk1.7.0_03/jre/lib/amd64/libzip.so
7fd2cf085000-7fd2cf086000 rw-p 0001a000 08:01 1585713                    /opt/jdk1.7.0_03/jre/lib/amd64/libzip.so
7fd2cf086000-7fd2cf092000 r-xp 00000000 08:01 1327707                    /lib/x86_64-linux-gnu/libnss_files-2.15.so
7fd2cf092000-7fd2cf291000 ---p 0000c000 08:01 1327707                    /lib/x86_64-linux-gnu/libnss_files-2.15.so
7fd2cf291000-7fd2cf292000 r--p 0000b000 08:01 1327707                    /lib/x86_64-linux-gnu/libnss_files-2.15.so
7fd2cf292000-7fd2cf293000 rw-p 0000c000 08:01 1327707                    /lib/x86_64-linux-gnu/libnss_files-2.15.so
7fd2cf293000-7fd2cf29d000 r-xp 00000000 08:01 1327701                    /lib/x86_64-linux-gnu/libnss_nis-2.15.so
7fd2cf29d000-7fd2cf49d000 ---p 0000a000 08:01 1327701                    /lib/x86_64-linux-gnu/libnss_nis-2.15.so
7fd2cf49d000-7fd2cf49e000 r--p 0000a000 08:01 1327701                    /lib/x86_64-linux-gnu/libnss_nis-2.15.so
7fd2cf49e000-7fd2cf49f000 rw-p 0000b000 08:01 1327701                    /lib/x86_64-linux-gnu/libnss_nis-2.15.so
7fd2cf49f000-7fd2cf4b6000 r-xp 00000000 08:01 1327719                    /lib/x86_64-linux-gnu/libnsl-2.15.so
7fd2cf4b6000-7fd2cf6b5000 ---p 00017000 08:01 1327719                    /lib/x86_64-linux-gnu/libnsl-2.15.so
7fd2cf6b5000-7fd2cf6b6000 r--p 00016000 08:01 1327719                    /lib/x86_64-linux-gnu/libnsl-2.15.so
7fd2cf6b6000-7fd2cf6b7000 rw-p 00017000 08:01 1327719                    /lib/x86_64-linux-gnu/libnsl-2.15.so
7fd2cf6b7000-7fd2cf6b9000 rw-p 00000000 00:00 0 
7fd2cf6b9000-7fd2cf6c1000 r-xp 00000000 08:01 1327708                    /lib/x86_64-linux-gnu/libnss_compat-2.15.so
7fd2cf6c1000-7fd2cf8c0000 ---p 00008000 08:01 1327708                    /lib/x86_64-linux-gnu/libnss_compat-2.15.so
7fd2cf8c0000-7fd2cf8c1000 r--p 00007000 08:01 1327708                    /lib/x86_64-linux-gnu/libnss_compat-2.15.so
7fd2cf8c1000-7fd2cf8c2000 rw-p 00008000 08:01 1327708                    /lib/x86_64-linux-gnu/libnss_compat-2.15.so
7fd2cf8c2000-7fd2cf8eb000 r-xp 00000000 08:01 1585690                    /opt/jdk1.7.0_03/jre/lib/amd64/libjava.so
7fd2cf8eb000-7fd2cfaeb000 ---p 00029000 08:01 1585690                    /opt/jdk1.7.0_03/jre/lib/amd64/libjava.so
7fd2cfaeb000-7fd2cfaed000 rw-p 00029000 08:01 1585690                    /opt/jdk1.7.0_03/jre/lib/amd64/libjava.so
7fd2cfaed000-7fd2cfafc000 r-xp 00000000 08:01 1585683                    /opt/jdk1.7.0_03/jre/lib/amd64/libverify.so
7fd2cfafc000-7fd2cfcfb000 ---p 0000f000 08:01 1585683                    /opt/jdk1.7.0_03/jre/lib/amd64/libverify.so
7fd2cfcfb000-7fd2cfcfd000 rw-p 0000e000 08:01 1585683                    /opt/jdk1.7.0_03/jre/lib/amd64/libverify.so
7fd2cfcfd000-7fd2cfd04000 r-xp 00000000 08:01 1327698                    /lib/x86_64-linux-gnu/librt-2.15.so
7fd2cfd04000-7fd2cff03000 ---p 00007000 08:01 1327698                    /lib/x86_64-linux-gnu/librt-2.15.so
7fd2cff03000-7fd2cff04000 r--p 00006000 08:01 1327698                    /lib/x86_64-linux-gnu/librt-2.15.so
7fd2cff04000-7fd2cff05000 rw-p 00007000 08:01 1327698                    /lib/x86_64-linux-gnu/librt-2.15.so
7fd2cff05000-7fd2d0000000 r-xp 00000000 08:01 1327703                    /lib/x86_64-linux-gnu/libm-2.15.so
7fd2d0000000-7fd2d01ff000 ---p 000fb000 08:01 1327703                    /lib/x86_64-linux-gnu/libm-2.15.so
7fd2d01ff000-7fd2d0200000 r--p 000fa000 08:01 1327703                    /lib/x86_64-linux-gnu/libm-2.15.so
7fd2d0200000-7fd2d0201000 rw-p 000fb000 08:01 1327703                    /lib/x86_64-linux-gnu/libm-2.15.so
7fd2d0201000-7fd2d0be1000 r-xp 00000000 08:01 405262                     /opt/jdk1.7.0_03/jre/lib/amd64/server/libjvm.so
7fd2d0be1000-7fd2d0de1000 ---p 009e0000 08:01 405262                     /opt/jdk1.7.0_03/jre/lib/amd64/server/libjvm.so
7fd2d0de1000-7fd2d0e7e000 rw-p 009e0000 08:01 405262                     /opt/jdk1.7.0_03/jre/lib/amd64/server/libjvm.so
7fd2d0e7e000-7fd2d0eb7000 rw-p 00000000 00:00 0 
7fd2d0eb7000-7fd2d106c000 r-xp 00000000 08:01 1326035                    /lib/x86_64-linux-gnu/libc-2.15.so
7fd2d106c000-7fd2d126b000 ---p 001b5000 08:01 1326035                    /lib/x86_64-linux-gnu/libc-2.15.so
7fd2d126b000-7fd2d126f000 r--p 001b4000 08:01 1326035                    /lib/x86_64-linux-gnu/libc-2.15.so
7fd2d126f000-7fd2d1271000 rw-p 001b8000 08:01 1326035                    /lib/x86_64-linux-gnu/libc-2.15.so
7fd2d1271000-7fd2d1276000 rw-p 00000000 00:00 0 
7fd2d1276000-7fd2d1278000 r-xp 00000000 08:01 1315936                    /lib/x86_64-linux-gnu/libdl-2.15.so
7fd2d1278000-7fd2d1478000 ---p 00002000 08:01 1315936                    /lib/x86_64-linux-gnu/libdl-2.15.so
7fd2d1478000-7fd2d1479000 r--p 00002000 08:01 1315936                    /lib/x86_64-linux-gnu/libdl-2.15.so
7fd2d1479000-7fd2d147a000 rw-p 00003000 08:01 1315936                    /lib/x86_64-linux-gnu/libdl-2.15.so
7fd2d147a000-7fd2d1490000 r-xp 00000000 08:01 1585619                    /opt/jdk1.7.0_03/jre/lib/amd64/jli/libjli.so
7fd2d1490000-7fd2d168f000 ---p 00016000 08:01 1585619                    /opt/jdk1.7.0_03/jre/lib/amd64/jli/libjli.so
7fd2d168f000-7fd2d1690000 rw-p 00015000 08:01 1585619                    /opt/jdk1.7.0_03/jre/lib/amd64/jli/libjli.so
7fd2d1690000-7fd2d16a8000 r-xp 00000000 08:01 1326039                    /lib/x86_64-linux-gnu/libpthread-2.15.so
7fd2d16a8000-7fd2d18a7000 ---p 00018000 08:01 1326039                    /lib/x86_64-linux-gnu/libpthread-2.15.so
7fd2d18a7000-7fd2d18a8000 r--p 00017000 08:01 1326039                    /lib/x86_64-linux-gnu/libpthread-2.15.so
7fd2d18a8000-7fd2d18a9000 rw-p 00018000 08:01 1326039                    /lib/x86_64-linux-gnu/libpthread-2.15.so
7fd2d18a9000-7fd2d18ad000 rw-p 00000000 00:00 0 
7fd2d18ad000-7fd2d18cf000 r-xp 00000000 08:01 1327713                    /lib/x86_64-linux-gnu/ld-2.15.so
7fd2d18e9000-7fd2d18f3000 rw-p 00000000 00:00 0 
7fd2d18f3000-7fd2d19a9000 rw-p 00000000 00:00 0 
7fd2d19a9000-7fd2d19ac000 ---p 00000000 00:00 0 
7fd2d19ac000-7fd2d1aae000 rw-p 00000000 00:00 0                          [stack:23938]
7fd2d1ab0000-7fd2d1abe000 r--s 0007f000 08:01 142586                     /home/sappo/.m2/repository/commons-collections/commons-collections/3.2.1/commons-collections-3.2.1.jar
7fd2d1abe000-7fd2d1ac3000 r--s 00041000 08:01 555204                     /home/sappo/.m2/repository/commons-lang/commons-lang/2.6/commons-lang-2.6.jar
7fd2d1ac3000-7fd2d1acb000 rw-s 00000000 08:01 1574513                    /tmp/hsperfdata_sappo/23934
7fd2d1acb000-7fd2d1acc000 rw-p 00000000 00:00 0 
7fd2d1acc000-7fd2d1acd000 r--p 00000000 00:00 0 
7fd2d1acd000-7fd2d1acf000 rw-p 00000000 00:00 0 
7fd2d1acf000-7fd2d1ad0000 r--p 00022000 08:01 1327713                    /lib/x86_64-linux-gnu/ld-2.15.so
7fd2d1ad0000-7fd2d1ad2000 rw-p 00023000 08:01 1327713                    /lib/x86_64-linux-gnu/ld-2.15.so
7fff101cd000-7fff101ee000 rw-p 00000000 00:00 0                          [stack]
7fff101ff000-7fff10200000 r-xp 00000000 00:00 0                          [vdso]
ffffffffff600000-ffffffffff601000 r-xp 00000000 00:00 0                  [vsyscall]

VM Arguments:
java_command: com.ks.zkserver.Main
Launcher Type: SUN_STANDARD

Environment Variables:
JAVA_HOME=/opt/jdk
PATH=/usr/lib/lightdm/lightdm:/usr/local/sbin:/usr/local/bin:/usr/sbin:/usr/bin:/sbin:/bin:/usr/games:/usr/local/games
LD_LIBRARY_PATH=/opt/jdk/jre/lib/amd64:/opt/jdk/jre/lib/i386:
SHELL=/bin/bash
DISPLAY=:0

Signal Handlers:
SIGSEGV: [libjvm.so+0x856f20], sa_mask[0]=0x7ffbfeff, sa_flags=0x10000004
SIGBUS: [libjvm.so+0x856f20], sa_mask[0]=0x7ffbfeff, sa_flags=0x10000004
SIGFPE: [libjvm.so+0x6fd190], sa_mask[0]=0x7ffbfeff, sa_flags=0x10000004
SIGPIPE: [libjvm.so+0x6fd190], sa_mask[0]=0x7ffbfeff, sa_flags=0x10000004
SIGXFSZ: [libjvm.so+0x6fd190], sa_mask[0]=0x7ffbfeff, sa_flags=0x10000004
SIGILL: [libjvm.so+0x6fd190], sa_mask[0]=0x7ffbfeff, sa_flags=0x10000004
SIGUSR1: SIG_DFL, sa_mask[0]=0x00000000, sa_flags=0x00000000
SIGUSR2: [libjvm.so+0x6fcb00], sa_mask[0]=0x00000004, sa_flags=0x10000004
SIGHUP: [libjvm.so+0x6fee70], sa_mask[0]=0x7ffbfeff, sa_flags=0x10000004
SIGINT: SIG_IGN, sa_mask[0]=0x00000000, sa_flags=0x00000000
SIGTERM: [libjvm.so+0x6fee70], sa_mask[0]=0x7ffbfeff, sa_flags=0x10000004
SIGQUIT: [libjvm.so+0x6fee70], sa_mask[0]=0x7ffbfeff, sa_flags=0x10000004


---------------  S Y S T E M  ---------------

OS:wheezy/sid

uname:Linux 3.5.0-18-generic #29-Ubuntu SMP Fri Oct 19 10:26:51 UTC 2012 x86_64
libc:glibc 2.15 NPTL 2.15 
rlimit: STACK 8192k, CORE 0k, NPROC 47476, NOFILE 4096, AS infinity
load average:0.46 0.22 0.22

/proc/meminfo:
MemTotal:        6095428 kB
MemFree:         2456752 kB
Buffers:           55276 kB
Cached:           707456 kB
SwapCached:          476 kB
Active:          1786180 kB
Inactive:        1480844 kB
Active(anon):    1446412 kB
Inactive(anon):  1074104 kB
Active(file):     339768 kB
Inactive(file):   406740 kB
Unevictable:       31340 kB
Mlocked:           31340 kB
SwapTotal:       1998844 kB
SwapFree:        1991732 kB
Dirty:               192 kB
Writeback:             0 kB
AnonPages:       2535256 kB
Mapped:           161840 kB
Shmem:             10368 kB
Slab:             188656 kB
SReclaimable:     151356 kB
SUnreclaim:        37300 kB
KernelStack:        4904 kB
PageTables:        35992 kB
NFS_Unstable:          0 kB
Bounce:                0 kB
WritebackTmp:          0 kB
CommitLimit:     5046556 kB
Committed_AS:    5840232 kB
VmallocTotal:   34359738367 kB
VmallocUsed:      127244 kB
VmallocChunk:   34359599100 kB
HardwareCorrupted:     0 kB
AnonHugePages:         0 kB
HugePages_Total:       0
HugePages_Free:        0
HugePages_Rsvd:        0
HugePages_Surp:        0
Hugepagesize:       2048 kB
DirectMap4k:      172500 kB
DirectMap2M:     5052416 kB


CPU:total 8 (4 cores per cpu, 2 threads per core) family 6 model 30 stepping 5, cmov, cx8, fxsr, mmx, sse, sse2, sse3, ssse3, sse4.1, sse4.2, popcnt, ht

/proc/cpuinfo:
processor	: 0
vendor_id	: GenuineIntel
cpu family	: 6
model		: 30
model name	: Intel(R) Core(TM) i7 CPU       Q 720  @ 1.60GHz
stepping	: 5
microcode	: 0x3
cpu MHz		: 1600.000
cache size	: 6144 KB
physical id	: 0
siblings	: 8
core id		: 0
cpu cores	: 4
apicid		: 0
initial apicid	: 0
fpu		: yes
fpu_exception	: yes
cpuid level	: 11
wp		: yes
flags		: fpu vme de pse tsc msr pae mce cx8 apic sep mtrr pge mca cmov pat pse36 clflush dts acpi mmx fxsr sse sse2 ss ht tm pbe syscall nx rdtscp lm constant_tsc arch_perfmon pebs bts rep_good nopl xtopology nonstop_tsc aperfmperf pni dtes64 monitor ds_cpl vmx smx est tm2 ssse3 cx16 xtpr pdcm sse4_1 sse4_2 popcnt lahf_lm ida dtherm tpr_shadow vnmi flexpriority ept vpid
bogomips	: 3191.97
clflush size	: 64
cache_alignment	: 64
address sizes	: 36 bits physical, 48 bits virtual
power management:

processor	: 1
vendor_id	: GenuineIntel
cpu family	: 6
model		: 30
model name	: Intel(R) Core(TM) i7 CPU       Q 720  @ 1.60GHz
stepping	: 5
microcode	: 0x3
cpu MHz		: 933.000
cache size	: 6144 KB
physical id	: 0
siblings	: 8
core id		: 1
cpu cores	: 4
apicid		: 2
initial apicid	: 2
fpu		: yes
fpu_exception	: yes
cpuid level	: 11
wp		: yes
flags		: fpu vme de pse tsc msr pae mce cx8 apic sep mtrr pge mca cmov pat pse36 clflush dts acpi mmx fxsr sse sse2 ss ht tm pbe syscall nx rdtscp lm constant_tsc arch_perfmon pebs bts rep_good nopl xtopology nonstop_tsc aperfmperf pni dtes64 monitor ds_cpl vmx smx est tm2 ssse3 cx16 xtpr pdcm sse4_1 sse4_2 popcnt lahf_lm ida dtherm tpr_shadow vnmi flexpriority ept vpid
bogomips	: 3191.97
clflush size	: 64
cache_alignment	: 64
address sizes	: 36 bits physical, 48 bits virtual
power management:

processor	: 2
vendor_id	: GenuineIntel
cpu family	: 6
model		: 30
model name	: Intel(R) Core(TM) i7 CPU       Q 720  @ 1.60GHz
stepping	: 5
microcode	: 0x3
cpu MHz		: 933.000
cache size	: 6144 KB
physical id	: 0
siblings	: 8
core id		: 2
cpu cores	: 4
apicid		: 4
initial apicid	: 4
fpu		: yes
fpu_exception	: yes
cpuid level	: 11
wp		: yes
flags		: fpu vme de pse tsc msr pae mce cx8 apic sep mtrr pge mca cmov pat pse36 clflush dts acpi mmx fxsr sse sse2 ss ht tm pbe syscall nx rdtscp lm constant_tsc arch_perfmon pebs bts rep_good nopl xtopology nonstop_tsc aperfmperf pni dtes64 monitor ds_cpl vmx smx est tm2 ssse3 cx16 xtpr pdcm sse4_1 sse4_2 popcnt lahf_lm ida dtherm tpr_shadow vnmi flexpriority ept vpid
bogomips	: 3191.97
clflush size	: 64
cache_alignment	: 64
address sizes	: 36 bits physical, 48 bits virtual
power management:

processor	: 3
vendor_id	: GenuineIntel
cpu family	: 6
model		: 30
model name	: Intel(R) Core(TM) i7 CPU       Q 720  @ 1.60GHz
stepping	: 5
microcode	: 0x3
cpu MHz		: 933.000
cache size	: 6144 KB
physical id	: 0
siblings	: 8
core id		: 3
cpu cores	: 4
apicid		: 6
initial apicid	: 6
fpu		: yes
fpu_exception	: yes
cpuid level	: 11
wp		: yes
flags		: fpu vme de pse tsc msr pae mce cx8 apic sep mtrr pge mca cmov pat pse36 clflush dts acpi mmx fxsr sse sse2 ss ht tm pbe syscall nx rdtscp lm constant_tsc arch_perfmon pebs bts rep_good nopl xtopology nonstop_tsc aperfmperf pni dtes64 monitor ds_cpl vmx smx est tm2 ssse3 cx16 xtpr pdcm sse4_1 sse4_2 popcnt lahf_lm ida dtherm tpr_shadow vnmi flexpriority ept vpid
bogomips	: 3191.97
clflush size	: 64
cache_alignment	: 64
address sizes	: 36 bits physical, 48 bits virtual
power management:

processor	: 4
vendor_id	: GenuineIntel
cpu family	: 6
model		: 30
model name	: Intel(R) Core(TM) i7 CPU       Q 720  @ 1.60GHz
stepping	: 5
microcode	: 0x3
cpu MHz		: 1600.000
cache size	: 6144 KB
physical id	: 0
siblings	: 8
core id		: 0
cpu cores	: 4
apicid		: 1
initial apicid	: 1
fpu		: yes
fpu_exception	: yes
cpuid level	: 11
wp		: yes
flags		: fpu vme de pse tsc msr pae mce cx8 apic sep mtrr pge mca cmov pat pse36 clflush dts acpi mmx fxsr sse sse2 ss ht tm pbe syscall nx rdtscp lm constant_tsc arch_perfmon pebs bts rep_good nopl xtopology nonstop_tsc aperfmperf pni dtes64 monitor ds_cpl vmx smx est tm2 ssse3 cx16 xtpr pdcm sse4_1 sse4_2 popcnt lahf_lm ida dtherm tpr_shadow vnmi flexpriority ept vpid
bogomips	: 3191.97
clflush size	: 64
cache_alignment	: 64
address sizes	: 36 bits physical, 48 bits virtual
power management:

processor	: 5
vendor_id	: GenuineIntel
cpu family	: 6
model		: 30
model name	: Intel(R) Core(TM) i7 CPU       Q 720  @ 1.60GHz
stepping	: 5
microcode	: 0x3
cpu MHz		: 933.000
cache size	: 6144 KB
physical id	: 0
siblings	: 8
core id		: 1
cpu cores	: 4
apicid		: 3
initial apicid	: 3
fpu		: yes
fpu_exception	: yes
cpuid level	: 11
wp		: yes
flags		: fpu vme de pse tsc msr pae mce cx8 apic sep mtrr pge mca cmov pat pse36 clflush dts acpi mmx fxsr sse sse2 ss ht tm pbe syscall nx rdtscp lm constant_tsc arch_perfmon pebs bts rep_good nopl xtopology nonstop_tsc aperfmperf pni dtes64 monitor ds_cpl vmx smx est tm2 ssse3 cx16 xtpr pdcm sse4_1 sse4_2 popcnt lahf_lm ida dtherm tpr_shadow vnmi flexpriority ept vpid
bogomips	: 3191.97
clflush size	: 64
cache_alignment	: 64
address sizes	: 36 bits physical, 48 bits virtual
power management:

processor	: 6
vendor_id	: GenuineIntel
cpu family	: 6
model		: 30
model name	: Intel(R) Core(TM) i7 CPU       Q 720  @ 1.60GHz
stepping	: 5
microcode	: 0x3
cpu MHz		: 933.000
cache size	: 6144 KB
physical id	: 0
siblings	: 8
core id		: 2
cpu cores	: 4
apicid		: 5
initial apicid	: 5
fpu		: yes
fpu_exception	: yes
cpuid level	: 11
wp		: yes
flags		: fpu vme de pse tsc msr pae mce cx8 apic sep mtrr pge mca cmov pat pse36 clflush dts acpi mmx fxsr sse sse2 ss ht tm pbe syscall nx rdtscp lm constant_tsc arch_perfmon pebs bts rep_good nopl xtopology nonstop_tsc aperfmperf pni dtes64 monitor ds_cpl vmx smx est tm2 ssse3 cx16 xtpr pdcm sse4_1 sse4_2 popcnt lahf_lm ida dtherm tpr_shadow vnmi flexpriority ept vpid
bogomips	: 3191.97
clflush size	: 64
cache_alignment	: 64
address sizes	: 36 bits physical, 48 bits virtual
power management:

processor	: 7
vendor_id	: GenuineIntel
cpu family	: 6
model		: 30
model name	: Intel(R) Core(TM) i7 CPU       Q 720  @ 1.60GHz
stepping	: 5
microcode	: 0x3
cpu MHz		: 1600.000
cache size	: 6144 KB
physical id	: 0
siblings	: 8
core id		: 3
cpu cores	: 4
apicid		: 7
initial apicid	: 7
fpu		: yes
fpu_exception	: yes
cpuid level	: 11
wp		: yes
flags		: fpu vme de pse tsc msr pae mce cx8 apic sep mtrr pge mca cmov pat pse36 clflush dts acpi mmx fxsr sse sse2 ss ht tm pbe syscall nx rdtscp lm constant_tsc arch_perfmon pebs bts rep_good nopl xtopology nonstop_tsc aperfmperf pni dtes64 monitor ds_cpl vmx smx est tm2 ssse3 cx16 xtpr pdcm sse4_1 sse4_2 popcnt lahf_lm ida dtherm tpr_shadow vnmi flexpriority ept vpid
bogomips	: 3191.97
clflush size	: 64
cache_alignment	: 64
address sizes	: 36 bits physical, 48 bits virtual
power management:



Memory: 4k page, physical 6095428k(2456752k free), swap 1998844k(1991732k free)

vm_info: Java HotSpot(TM) 64-Bit Server VM (22.1-b02) for linux-amd64 JRE (1.7.0_03-b04), built on Jan 20 2012 11:58:56 by "java_re" with gcc 4.3.0 20080428 (Red Hat 4.3.0-8)

time: Thu Nov 22 15:01:09 2012
elapsed time: 60 seconds

